<?xml version="1.0" encoding="UTF-8"?>
<!-- Generated by org.testng.reporters.JUnitReportReporter -->
<testsuite skipped="0" hostname="ip-172-28-67-188.eu-west-1.compute.internal" name="com.demo.app.tests.Albums" tests="2" failures="0" timestamp="17 May 2019 10:58:22 GMT" time="0.948" errors="0">
  <testcase name="unableToGetInvalidAlbumTest" time="0.106" classname="com.demo.app.tests.Albums"/>
  <testcase name="getValidAlbumTest" time="0.842" classname="com.demo.app.tests.Albums"/>
</testsuite> <!-- com.demo.app.tests.Albums -->
