<?xml version="1.0" encoding="UTF-8"?>
<!-- Generated by org.testng.reporters.JUnitReportReporter -->
<testsuite skipped="0" hostname="USERs-MacBook-Pro.local" name="com.demo.app.tests.Albums" tests="1" failures="0" timestamp="16 May 2019 22:46:16 GMT" time="1.034" errors="0">
  <testcase name="getAllAlbums" time="1.034" classname="com.demo.app.tests.Albums"/>
</testsuite> <!-- com.demo.app.tests.Albums -->
