<?xml version="1.0" encoding="UTF-8"?>
<!-- Generated by org.testng.reporters.JUnitReportReporter -->
<testsuite skipped="0" hostname="ip-172-28-67-188.eu-west-1.compute.internal" name="com.demo.app.tests.Comments" tests="2" failures="0" timestamp="17 May 2019 10:58:22 GMT" time="0.465" errors="0">
  <testcase name="validEmailTest" time="0.114" classname="com.demo.app.tests.Comments"/>
  <testcase name="invalidEmailTest" time="0.351" classname="com.demo.app.tests.Comments"/>
</testsuite> <!-- com.demo.app.tests.Comments -->
