<?xml version="1.0" encoding="UTF-8"?>
<!-- Generated by org.testng.reporters.JUnitReportReporter -->
<testsuite skipped="0" hostname="ip-172-28-67-188.eu-west-1.compute.internal" name="com.demo.app.tests.Albums" tests="2" failures="0" timestamp="17 May 2019 12:50:47 GMT" time="1.511" errors="0">
  <testcase name="unableToGetInvalidAlbumTest" time="0.314" classname="com.demo.app.tests.Albums"/>
  <testcase name="getValidAlbumTest" time="1.197" classname="com.demo.app.tests.Albums"/>
</testsuite> <!-- com.demo.app.tests.Albums -->
