<?xml version="1.0" encoding="UTF-8"?>
<!-- Generated by org.testng.reporters.JUnitReportReporter -->
<testsuite skipped="0" hostname="ip-172-28-67-188.eu-west-1.compute.internal" name="com.demo.app.tests.Comments" tests="2" failures="0" timestamp="17 May 2019 12:50:47 GMT" time="0.486" errors="0">
  <testcase name="invalidEmailTest" time="0.368" classname="com.demo.app.tests.Comments"/>
  <testcase name="validEmailTest" time="0.118" classname="com.demo.app.tests.Comments"/>
</testsuite> <!-- com.demo.app.tests.Comments -->
